<?xml version="1.0" encoding="UTF-8"?>
<robot generator="Robot 7.0.1 (Python 3.12.4 on darwin)" generated="2024-07-08T23:21:43.500365" rpa="false" schemaversion="5">
<suite id="s1" name="Todo List Testcase 1" source="/Users/hackbook/Documents/pang_robot/todo/test/todo_list_testcase_1.robot">
<kw name="Open Browser To To-Do List Page" owner="todo_list_resources" type="SETUP">
<kw name="Open Browser" owner="SeleniumLibrary">
<msg time="2024-07-08T23:21:43.778420" level="INFO">Opening browser 'Chrome' to base url 'https://abhigyank.github.io/To-Do-List/'.</msg>
<arg>${WEB_URL}</arg>
<arg>${BROWSER}</arg>
<doc>Opens a new browser instance to the optional ``url``.</doc>
<status status="PASS" start="2024-07-08T23:21:43.778043" elapsed="2.888475"/>
</kw>
<kw name="Maximize Browser Window" owner="SeleniumLibrary">
<doc>Maximizes current browser window.</doc>
<status status="PASS" start="2024-07-08T23:21:46.667405" elapsed="0.032524"/>
</kw>
<kw name="Click Element" owner="SeleniumLibrary">
<msg time="2024-07-08T23:21:46.700877" level="INFO">Clicking element 'css=a[href='#add-item']'.</msg>
<arg>css=a[href='#add-item']</arg>
<doc>Click the element identified by ``locator``.</doc>
<status status="PASS" start="2024-07-08T23:21:46.700201" elapsed="0.127235"/>
</kw>
<status status="PASS" start="2024-07-08T23:21:43.777094" elapsed="3.050640"/>
</kw>
<test id="s1-t1" name="Test Add New Task" line="8">
<kw name="Add Task" owner="todo_list_resources">
<kw name="Input Text" owner="SeleniumLibrary">
<msg time="2024-07-08T23:21:46.832628" level="INFO">Typing text '01' into text field 'id=new-task'.</msg>
<arg>id=new-task</arg>
<arg>${task_name}</arg>
<doc>Types the given ``text`` into the text field identified by ``locator``.</doc>
<status status="PASS" start="2024-07-08T23:21:46.831637" elapsed="0.199017"/>
</kw>
<kw name="Log To Console" owner="BuiltIn">
<arg>\n Add " ${task_name} "to To-Do List -- Completed ✅</arg>
<doc>Logs the given message to the console.</doc>
<status status="PASS" start="2024-07-08T23:21:47.031042" elapsed="0.000584"/>
</kw>
<kw name="Click Button" owner="SeleniumLibrary">
<msg time="2024-07-08T23:21:47.032303" level="INFO">Clicking button 'css=.mdl-button--fab'.</msg>
<arg>css=.mdl-button--fab</arg>
<doc>Clicks the button identified by ``locator``.</doc>
<status status="PASS" start="2024-07-08T23:21:47.031946" elapsed="0.103129"/>
</kw>
<arg>01</arg>
<status status="PASS" start="2024-07-08T23:21:46.830774" elapsed="0.304467"/>
</kw>
<kw name="Add Task" owner="todo_list_resources">
<kw name="Input Text" owner="SeleniumLibrary">
<msg time="2024-07-08T23:21:47.136300" level="INFO">Typing text '02' into text field 'id=new-task'.</msg>
<arg>id=new-task</arg>
<arg>${task_name}</arg>
<doc>Types the given ``text`` into the text field identified by ``locator``.</doc>
<status status="PASS" start="2024-07-08T23:21:47.136015" elapsed="0.106257"/>
</kw>
<kw name="Log To Console" owner="BuiltIn">
<arg>\n Add " ${task_name} "to To-Do List -- Completed ✅</arg>
<doc>Logs the given message to the console.</doc>
<status status="PASS" start="2024-07-08T23:21:47.242516" elapsed="0.000375"/>
</kw>
<kw name="Click Button" owner="SeleniumLibrary">
<msg time="2024-07-08T23:21:47.243327" level="INFO">Clicking button 'css=.mdl-button--fab'.</msg>
<arg>css=.mdl-button--fab</arg>
<doc>Clicks the button identified by ``locator``.</doc>
<status status="PASS" start="2024-07-08T23:21:47.243093" elapsed="0.066586"/>
</kw>
<arg>02</arg>
<status status="PASS" start="2024-07-08T23:21:47.135611" elapsed="0.174222"/>
</kw>
<kw name="Add Task" owner="todo_list_resources">
<kw name="Input Text" owner="SeleniumLibrary">
<msg time="2024-07-08T23:21:47.310835" level="INFO">Typing text '03' into text field 'id=new-task'.</msg>
<arg>id=new-task</arg>
<arg>${task_name}</arg>
<doc>Types the given ``text`` into the text field identified by ``locator``.</doc>
<status status="PASS" start="2024-07-08T23:21:47.310553" elapsed="0.103561"/>
</kw>
<kw name="Log To Console" owner="BuiltIn">
<arg>\n Add " ${task_name} "to To-Do List -- Completed ✅</arg>
<doc>Logs the given message to the console.</doc>
<status status="PASS" start="2024-07-08T23:21:47.414337" elapsed="0.000314"/>
</kw>
<kw name="Click Button" owner="SeleniumLibrary">
<msg time="2024-07-08T23:21:47.415041" level="INFO">Clicking button 'css=.mdl-button--fab'.</msg>
<arg>css=.mdl-button--fab</arg>
<doc>Clicks the button identified by ``locator``.</doc>
<status status="PASS" start="2024-07-08T23:21:47.414822" elapsed="0.088977"/>
</kw>
<arg>03</arg>
<status status="PASS" start="2024-07-08T23:21:47.310162" elapsed="0.194206"/>
</kw>
<doc>ทดสอบการเพิ่มงานใหม่ในรายการ 🔔</doc>
<status status="PASS" start="2024-07-08T23:21:46.828076" elapsed="0.677249"/>
</test>
<test id="s1-t2" name="Test To-Do List" line="14">
<kw name="Go To To-Do List" owner="todo_list_resources">
<kw name="Click Element" owner="SeleniumLibrary">
<msg time="2024-07-08T23:21:47.508264" level="INFO">Clicking element 'css=a[href='#todo']'.</msg>
<arg>css=a[href='#todo']</arg>
<doc>Click the element identified by ``locator``.</doc>
<status status="PASS" start="2024-07-08T23:21:47.507882" elapsed="0.154586"/>
</kw>
<status status="PASS" start="2024-07-08T23:21:47.507382" elapsed="0.155393"/>
</kw>
<doc>ทดสอบการเปลี่ยน Tab🔔</doc>
<status status="PASS" start="2024-07-08T23:21:47.505799" elapsed="0.157262"/>
</test>
<test id="s1-t3" name="Verify Task Should Be Present Case 1" line="19">
<kw name="Task Should Be Present Case 1" owner="todo_list_resources">
<kw name="Evaluate" owner="BuiltIn">
<msg time="2024-07-08T23:21:47.665748" level="INFO">${count} = 1</msg>
<var>${count}</var>
<arg>1</arg>
<doc>Evaluates the given expression in Python and returns the result.</doc>
<status status="PASS" start="2024-07-08T23:21:47.665388" elapsed="0.000411"/>
</kw>
<for flavor="IN RANGE">
<iter>
<kw name="Get Text" owner="SeleniumLibrary">
<msg time="2024-07-08T23:21:47.720075" level="INFO">${actual_text} = 01</msg>
<var>${actual_text}</var>
<arg>css=span#text-${index}.mdl-checkbox__label</arg>
<doc>Returns the text value of the element identified by ``locator``.</doc>
<status status="PASS" start="2024-07-08T23:21:47.666500" elapsed="0.053641"/>
</kw>
<kw name="Should Be Equal" owner="BuiltIn">
<arg>${actual_text}</arg>
<arg>${expected_text}</arg>
<doc>Fails if the given objects are unequal.</doc>
<status status="PASS" start="2024-07-08T23:21:47.720430" elapsed="0.000424"/>
</kw>
<kw name="Evaluate" owner="BuiltIn">
<msg time="2024-07-08T23:21:47.721525" level="INFO">${count} = 2</msg>
<var>${count}</var>
<arg>${count} + 1</arg>
<doc>Evaluates the given expression in Python and returns the result.</doc>
<status status="PASS" start="2024-07-08T23:21:47.721099" elapsed="0.000478"/>
</kw>
<kw name="Set Variable" owner="BuiltIn">
<msg time="2024-07-08T23:21:47.722076" level="INFO">${expected_text} = 02</msg>
<var>${expected_text}</var>
<arg>0${count}</arg>
<doc>Returns the given values which can then be assigned to a variables.</doc>
<status status="PASS" start="2024-07-08T23:21:47.721779" elapsed="0.000343"/>
</kw>
<var name="${index}">1</var>
<status status="PASS" start="2024-07-08T23:21:47.666311" elapsed="0.055897"/>
</iter>
<iter>
<kw name="Get Text" owner="SeleniumLibrary">
<msg time="2024-07-08T23:21:47.772516" level="INFO">${actual_text} = 02</msg>
<var>${actual_text}</var>
<arg>css=span#text-${index}.mdl-checkbox__label</arg>
<doc>Returns the text value of the element identified by ``locator``.</doc>
<status status="PASS" start="2024-07-08T23:21:47.722619" elapsed="0.049972"/>
</kw>
<kw name="Should Be Equal" owner="BuiltIn">
<arg>${actual_text}</arg>
<arg>${expected_text}</arg>
<doc>Fails if the given objects are unequal.</doc>
<status status="PASS" start="2024-07-08T23:21:47.772872" elapsed="0.000623"/>
</kw>
<kw name="Evaluate" owner="BuiltIn">
<msg time="2024-07-08T23:21:47.776478" level="INFO">${count} = 3</msg>
<var>${count}</var>
<arg>${count} + 1</arg>
<doc>Evaluates the given expression in Python and returns the result.</doc>
<status status="PASS" start="2024-07-08T23:21:47.773802" elapsed="0.002787"/>
</kw>
<kw name="Set Variable" owner="BuiltIn">
<msg time="2024-07-08T23:21:47.778270" level="INFO">${expected_text} = 03</msg>
<var>${expected_text}</var>
<arg>0${count}</arg>
<doc>Returns the given values which can then be assigned to a variables.</doc>
<status status="PASS" start="2024-07-08T23:21:47.777417" elapsed="0.000939"/>
</kw>
<var name="${index}">2</var>
<status status="PASS" start="2024-07-08T23:21:47.722453" elapsed="0.056049"/>
</iter>
<iter>
<kw name="Get Text" owner="SeleniumLibrary">
<msg time="2024-07-08T23:21:47.810010" level="INFO">${actual_text} = 03</msg>
<var>${actual_text}</var>
<arg>css=span#text-${index}.mdl-checkbox__label</arg>
<doc>Returns the text value of the element identified by ``locator``.</doc>
<status status="PASS" start="2024-07-08T23:21:47.779026" elapsed="0.031062"/>
</kw>
<kw name="Should Be Equal" owner="BuiltIn">
<arg>${actual_text}</arg>
<arg>${expected_text}</arg>
<doc>Fails if the given objects are unequal.</doc>
<status status="PASS" start="2024-07-08T23:21:47.810407" elapsed="0.000361"/>
</kw>
<kw name="Evaluate" owner="BuiltIn">
<msg time="2024-07-08T23:21:47.811323" level="INFO">${count} = 4</msg>
<var>${count}</var>
<arg>${count} + 1</arg>
<doc>Evaluates the given expression in Python and returns the result.</doc>
<status status="PASS" start="2024-07-08T23:21:47.810963" elapsed="0.000406"/>
</kw>
<kw name="Set Variable" owner="BuiltIn">
<msg time="2024-07-08T23:21:47.811812" level="INFO">${expected_text} = 04</msg>
<var>${expected_text}</var>
<arg>0${count}</arg>
<doc>Returns the given values which can then be assigned to a variables.</doc>
<status status="PASS" start="2024-07-08T23:21:47.811555" elapsed="0.000300"/>
</kw>
<var name="${index}">3</var>
<status status="PASS" start="2024-07-08T23:21:47.778846" elapsed="0.033096"/>
</iter>
<var>${index}</var>
<value>1</value>
<value>4</value>
<status status="PASS" start="2024-07-08T23:21:47.665949" elapsed="0.146080"/>
</for>
<arg>01</arg>
<status status="PASS" start="2024-07-08T23:21:47.664955" elapsed="0.147240"/>
</kw>
<doc>ค่าที่กรอกเท่ากับที่เพิ่ม 🔔</doc>
<status status="PASS" start="2024-07-08T23:21:47.663605" elapsed="0.148835"/>
</test>
<test id="s1-t4" name="Verify click Task Case 1" line="24">
<kw name="Click Task Case 1" owner="todo_list_resources">
<kw name="Evaluate" owner="BuiltIn">
<msg time="2024-07-08T23:21:47.814954" level="INFO">${count} = 1</msg>
<var>${count}</var>
<arg>1</arg>
<doc>Evaluates the given expression in Python and returns the result.</doc>
<status status="PASS" start="2024-07-08T23:21:47.814384" elapsed="0.000619"/>
</kw>
<for flavor="IN RANGE">
<iter>
<kw name="Click Element" owner="SeleniumLibrary">
<msg time="2024-07-08T23:21:47.815899" level="INFO">Clicking element 'css=span#text-1.mdl-checkbox__label'.</msg>
<arg>css=span#text-1.mdl-checkbox__label</arg>
<doc>Click the element identified by ``locator``.</doc>
<status status="PASS" start="2024-07-08T23:21:47.815653" elapsed="0.127318"/>
</kw>
<kw name="Evaluate" owner="BuiltIn">
<msg time="2024-07-08T23:21:47.944050" level="INFO">${count} = 2</msg>
<var>${count}</var>
<arg>${count} + 1</arg>
<doc>Evaluates the given expression in Python and returns the result.</doc>
<status status="PASS" start="2024-07-08T23:21:47.943324" elapsed="0.000822"/>
</kw>
<kw name="Log To Console" owner="BuiltIn">
<arg>\n Click Task " ${expected_text} " -- Completed ✅</arg>
<doc>Logs the given message to the console.</doc>
<status status="PASS" start="2024-07-08T23:21:47.944576" elapsed="0.000555"/>
</kw>
<kw name="Set Variable" owner="BuiltIn">
<msg time="2024-07-08T23:21:47.946117" level="INFO">${expected_text} = 02</msg>
<var>${expected_text}</var>
<arg>0${count}</arg>
<doc>Returns the given values which can then be assigned to a variables.</doc>
<status status="PASS" start="2024-07-08T23:21:47.945457" elapsed="0.000734"/>
</kw>
<var name="${index}">1</var>
<status status="PASS" start="2024-07-08T23:21:47.815494" elapsed="0.130825"/>
</iter>
<iter>
<kw name="Click Element" owner="SeleniumLibrary">
<msg time="2024-07-08T23:21:47.947557" level="INFO">Clicking element 'css=span#text-1.mdl-checkbox__label'.</msg>
<arg>css=span#text-1.mdl-checkbox__label</arg>
<doc>Click the element identified by ``locator``.</doc>
<status status="PASS" start="2024-07-08T23:21:47.947135" elapsed="0.098902"/>
</kw>
<kw name="Evaluate" owner="BuiltIn">
<msg time="2024-07-08T23:21:48.047105" level="INFO">${count} = 3</msg>
<var>${count}</var>
<arg>${count} + 1</arg>
<doc>Evaluates the given expression in Python and returns the result.</doc>
<status status="PASS" start="2024-07-08T23:21:48.046493" elapsed="0.000685"/>
</kw>
<kw name="Log To Console" owner="BuiltIn">
<arg>\n Click Task " ${expected_text} " -- Completed ✅</arg>
<doc>Logs the given message to the console.</doc>
<status status="PASS" start="2024-07-08T23:21:48.047549" elapsed="0.000395"/>
</kw>
<kw name="Set Variable" owner="BuiltIn">
<msg time="2024-07-08T23:21:48.048593" level="INFO">${expected_text} = 03</msg>
<var>${expected_text}</var>
<arg>0${count}</arg>
<doc>Returns the given values which can then be assigned to a variables.</doc>
<status status="PASS" start="2024-07-08T23:21:48.048212" elapsed="0.000448"/>
</kw>
<var name="${index}">2</var>
<status status="PASS" start="2024-07-08T23:21:47.946784" elapsed="0.102079"/>
</iter>
<iter>
<kw name="Click Element" owner="SeleniumLibrary">
<msg time="2024-07-08T23:21:48.049761" level="INFO">Clicking element 'css=span#text-1.mdl-checkbox__label'.</msg>
<arg>css=span#text-1.mdl-checkbox__label</arg>
<doc>Click the element identified by ``locator``.</doc>
<status status="PASS" start="2024-07-08T23:21:48.049407" elapsed="0.064926"/>
</kw>
<kw name="Evaluate" owner="BuiltIn">
<msg time="2024-07-08T23:21:48.114940" level="INFO">${count} = 4</msg>
<var>${count}</var>
<arg>${count} + 1</arg>
<doc>Evaluates the given expression in Python and returns the result.</doc>
<status status="PASS" start="2024-07-08T23:21:48.114572" elapsed="0.000414"/>
</kw>
<kw name="Log To Console" owner="BuiltIn">
<arg>\n Click Task " ${expected_text} " -- Completed ✅</arg>
<doc>Logs the given message to the console.</doc>
<status status="PASS" start="2024-07-08T23:21:48.115157" elapsed="0.000278"/>
</kw>
<kw name="Set Variable" owner="BuiltIn">
<msg time="2024-07-08T23:21:48.115866" level="INFO">${expected_text} = 04</msg>
<var>${expected_text}</var>
<arg>0${count}</arg>
<doc>Returns the given values which can then be assigned to a variables.</doc>
<status status="PASS" start="2024-07-08T23:21:48.115612" elapsed="0.000301"/>
</kw>
<var name="${index}">3</var>
<status status="PASS" start="2024-07-08T23:21:48.049179" elapsed="0.066815"/>
</iter>
<var>${index}</var>
<value>1</value>
<value>4</value>
<status status="PASS" start="2024-07-08T23:21:47.815124" elapsed="0.300965"/>
</for>
<arg>01</arg>
<status status="PASS" start="2024-07-08T23:21:47.813970" elapsed="0.302278"/>
</kw>
<kw name="Go To completed" owner="todo_list_resources">
<kw name="Click Element" owner="SeleniumLibrary">
<msg time="2024-07-08T23:21:48.117127" level="INFO">Clicking element 'css=a[href='#completed']'.</msg>
<arg>css=a[href='#completed']</arg>
<doc>Click the element identified by ``locator``.</doc>
<status status="PASS" start="2024-07-08T23:21:48.116892" elapsed="0.098928"/>
</kw>
<status status="PASS" start="2024-07-08T23:21:48.116540" elapsed="0.099447"/>
</kw>
<doc>ทดสอบการส่งค่าไปหน้า completed 🔔</doc>
<status status="PASS" start="2024-07-08T23:21:47.812769" elapsed="0.403581"/>
</test>
<test id="s1-t5" name="Verify Task should be Completed Case 1" line="29">
<kw name="Task Should Be Contains" owner="todo_list_resources">
<kw name="Evaluate" owner="BuiltIn">
<msg time="2024-07-08T23:21:48.220015" level="INFO">${count} = 1</msg>
<var>${count}</var>
<arg>1</arg>
<doc>Evaluates the given expression in Python and returns the result.</doc>
<status status="PASS" start="2024-07-08T23:21:48.219371" elapsed="0.000776"/>
</kw>
<for flavor="IN RANGE">
<iter>
<kw name="Get WebElement" owner="SeleniumLibrary">
<msg time="2024-07-08T23:21:48.291123" level="INFO">${element_label1} = &lt;selenium.webdriver.remote.webelement.WebElement (session="5332ef59e6f680e1ab3bc645d65f5e9c", element="f.1569CE867FF5B99085B607DB1F08E4CF.d.4DB18E01B2DD043397E59AA2B39E54FC.e.23")&gt;</msg>
<var>${element_label1}</var>
<arg>css=.mdl-list:nth-child(${index}) &gt; .mdl-list__item-primary-content</arg>
<doc>Returns the first WebElement matching the given ``locator``.</doc>
<status status="PASS" start="2024-07-08T23:21:48.220920" elapsed="0.070306"/>
</kw>
<kw name="Get Text" owner="SeleniumLibrary">
<msg time="2024-07-08T23:21:48.319736" level="INFO">${actual_text} = done01</msg>
<var>${actual_text}</var>
<arg>${element_label1}</arg>
<doc>Returns the text value of the element identified by ``locator``.</doc>
<status status="PASS" start="2024-07-08T23:21:48.291571" elapsed="0.028251"/>
</kw>
<kw name="Evaluate" owner="BuiltIn">
<msg time="2024-07-08T23:21:48.320619" level="INFO">${found} = 0</msg>
<var>${found}</var>
<arg>0</arg>
<doc>Evaluates the given expression in Python and returns the result.</doc>
<status status="PASS" start="2024-07-08T23:21:48.320157" elapsed="0.000532"/>
</kw>
<kw name="Evaluate" owner="BuiltIn">
<msg time="2024-07-08T23:21:48.321339" level="INFO">${notfound} = 0</msg>
<var>${notfound}</var>
<arg>0</arg>
<doc>Evaluates the given expression in Python and returns the result.</doc>
<status status="PASS" start="2024-07-08T23:21:48.320967" elapsed="0.000440"/>
</kw>
<kw name="Run Keyword If" owner="BuiltIn">
<kw name="Log To Console" owner="BuiltIn">
<arg>\n💬 Record ${index}\n Verify ${actual_text} should contain " ${expected_text} " \n Passed ✅ In row ${index}</arg>
<doc>Logs the given message to the console.</doc>
<status status="PASS" start="2024-07-08T23:21:48.325921" elapsed="0.000824"/>
</kw>
<arg>"${actual_text}" == "done${expected_text}"</arg>
<arg>Log To Console</arg>
<arg>\n💬 Record ${index}\n Verify ${actual_text} should contain " ${expected_text} " \n Passed ✅ In row ${index}</arg>
<arg>ELSE</arg>
<arg>Log To Console</arg>
<arg>\n💬 Record ${index}\n Verify ${actual_text} should not contain " ${expected_text} "</arg>
<doc>Runs the given keyword with the given arguments, if ``condition`` is true.</doc>
<status status="PASS" start="2024-07-08T23:21:48.322196" elapsed="0.004758"/>
</kw>
<var name="${index}">1</var>
<status status="PASS" start="2024-07-08T23:21:48.220715" elapsed="0.106385"/>
</iter>
<iter>
<kw name="Get WebElement" owner="SeleniumLibrary">
<msg time="2024-07-08T23:21:48.355239" level="INFO">${element_label1} = &lt;selenium.webdriver.remote.webelement.WebElement (session="5332ef59e6f680e1ab3bc645d65f5e9c", element="f.1569CE867FF5B99085B607DB1F08E4CF.d.4DB18E01B2DD043397E59AA2B39E54FC.e.24")&gt;</msg>
<var>${element_label1}</var>
<arg>css=.mdl-list:nth-child(${index}) &gt; .mdl-list__item-primary-content</arg>
<doc>Returns the first WebElement matching the given ``locator``.</doc>
<status status="PASS" start="2024-07-08T23:21:48.327657" elapsed="0.027684"/>
</kw>
<kw name="Get Text" owner="SeleniumLibrary">
<msg time="2024-07-08T23:21:48.376917" level="INFO">${actual_text} = done02</msg>
<var>${actual_text}</var>
<arg>${element_label1}</arg>
<doc>Returns the text value of the element identified by ``locator``.</doc>
<status status="PASS" start="2024-07-08T23:21:48.356935" elapsed="0.020077"/>
</kw>
<kw name="Evaluate" owner="BuiltIn">
<msg time="2024-07-08T23:21:48.377696" level="INFO">${found} = 0</msg>
<var>${found}</var>
<arg>0</arg>
<doc>Evaluates the given expression in Python and returns the result.</doc>
<status status="PASS" start="2024-07-08T23:21:48.377331" elapsed="0.000412"/>
</kw>
<kw name="Evaluate" owner="BuiltIn">
<msg time="2024-07-08T23:21:48.378185" level="INFO">${notfound} = 0</msg>
<var>${notfound}</var>
<arg>0</arg>
<doc>Evaluates the given expression in Python and returns the result.</doc>
<status status="PASS" start="2024-07-08T23:21:48.377929" elapsed="0.000299"/>
</kw>
<kw name="Run Keyword If" owner="BuiltIn">
<kw name="Log To Console" owner="BuiltIn">
<arg>\n💬 Record ${index}\n Verify ${actual_text} should not contain " ${expected_text} "</arg>
<doc>Logs the given message to the console.</doc>
<status status="PASS" start="2024-07-08T23:21:48.378815" elapsed="0.000643"/>
</kw>
<arg>"${actual_text}" == "done${expected_text}"</arg>
<arg>Log To Console</arg>
<arg>\n💬 Record ${index}\n Verify ${actual_text} should contain " ${expected_text} " \n Passed ✅ In row ${index}</arg>
<arg>ELSE</arg>
<arg>Log To Console</arg>
<arg>\n💬 Record ${index}\n Verify ${actual_text} should not contain " ${expected_text} "</arg>
<doc>Runs the given keyword with the given arguments, if ``condition`` is true.</doc>
<status status="PASS" start="2024-07-08T23:21:48.378418" elapsed="0.001174"/>
</kw>
<var name="${index}">2</var>
<status status="PASS" start="2024-07-08T23:21:48.327430" elapsed="0.052333"/>
</iter>
<iter>
<kw name="Get WebElement" owner="SeleniumLibrary">
<msg time="2024-07-08T23:21:48.398681" level="INFO">${element_label1} = &lt;selenium.webdriver.remote.webelement.WebElement (session="5332ef59e6f680e1ab3bc645d65f5e9c", element="f.1569CE867FF5B99085B607DB1F08E4CF.d.4DB18E01B2DD043397E59AA2B39E54FC.e.25")&gt;</msg>
<var>${element_label1}</var>
<arg>css=.mdl-list:nth-child(${index}) &gt; .mdl-list__item-primary-content</arg>
<doc>Returns the first WebElement matching the given ``locator``.</doc>
<status status="PASS" start="2024-07-08T23:21:48.380345" elapsed="0.018463"/>
</kw>
<kw name="Get Text" owner="SeleniumLibrary">
<msg time="2024-07-08T23:21:48.416369" level="INFO">${actual_text} = done03</msg>
<var>${actual_text}</var>
<arg>${element_label1}</arg>
<doc>Returns the text value of the element identified by ``locator``.</doc>
<status status="PASS" start="2024-07-08T23:21:48.399057" elapsed="0.017376"/>
</kw>
<kw name="Evaluate" owner="BuiltIn">
<msg time="2024-07-08T23:21:48.417245" level="INFO">${found} = 0</msg>
<var>${found}</var>
<arg>0</arg>
<doc>Evaluates the given expression in Python and returns the result.</doc>
<status status="PASS" start="2024-07-08T23:21:48.416713" elapsed="0.000587"/>
</kw>
<kw name="Evaluate" owner="BuiltIn">
<msg time="2024-07-08T23:21:48.418883" level="INFO">${notfound} = 0</msg>
<var>${notfound}</var>
<arg>0</arg>
<doc>Evaluates the given expression in Python and returns the result.</doc>
<status status="PASS" start="2024-07-08T23:21:48.417913" elapsed="0.001081"/>
</kw>
<kw name="Run Keyword If" owner="BuiltIn">
<kw name="Log To Console" owner="BuiltIn">
<arg>\n💬 Record ${index}\n Verify ${actual_text} should not contain " ${expected_text} "</arg>
<doc>Logs the given message to the console.</doc>
<status status="PASS" start="2024-07-08T23:21:48.422932" elapsed="0.001502"/>
</kw>
<arg>"${actual_text}" == "done${expected_text}"</arg>
<arg>Log To Console</arg>
<arg>\n💬 Record ${index}\n Verify ${actual_text} should contain " ${expected_text} " \n Passed ✅ In row ${index}</arg>
<arg>ELSE</arg>
<arg>Log To Console</arg>
<arg>\n💬 Record ${index}\n Verify ${actual_text} should not contain " ${expected_text} "</arg>
<doc>Runs the given keyword with the given arguments, if ``condition`` is true.</doc>
<status status="PASS" start="2024-07-08T23:21:48.419621" elapsed="0.005057"/>
</kw>
<var name="${index}">3</var>
<status status="PASS" start="2024-07-08T23:21:48.380127" elapsed="0.044723"/>
</iter>
<var>${index}</var>
<value>1</value>
<value>4</value>
<status status="PASS" start="2024-07-08T23:21:48.220298" elapsed="0.204847"/>
</for>
<arg>01</arg>
<status status="PASS" start="2024-07-08T23:21:48.218653" elapsed="0.206929"/>
</kw>
<kw name="Task Should Be Contains" owner="todo_list_resources">
<kw name="Evaluate" owner="BuiltIn">
<msg time="2024-07-08T23:21:48.428833" level="INFO">${count} = 1</msg>
<var>${count}</var>
<arg>1</arg>
<doc>Evaluates the given expression in Python and returns the result.</doc>
<status status="PASS" start="2024-07-08T23:21:48.427702" elapsed="0.001251"/>
</kw>
<for flavor="IN RANGE">
<iter>
<kw name="Get WebElement" owner="SeleniumLibrary">
<msg time="2024-07-08T23:21:48.468711" level="INFO">${element_label1} = &lt;selenium.webdriver.remote.webelement.WebElement (session="5332ef59e6f680e1ab3bc645d65f5e9c", element="f.1569CE867FF5B99085B607DB1F08E4CF.d.4DB18E01B2DD043397E59AA2B39E54FC.e.23")&gt;</msg>
<var>${element_label1}</var>
<arg>css=.mdl-list:nth-child(${index}) &gt; .mdl-list__item-primary-content</arg>
<doc>Returns the first WebElement matching the given ``locator``.</doc>
<status status="PASS" start="2024-07-08T23:21:48.430528" elapsed="0.038539"/>
</kw>
<kw name="Get Text" owner="SeleniumLibrary">
<msg time="2024-07-08T23:21:48.484199" level="INFO">${actual_text} = done01</msg>
<var>${actual_text}</var>
<arg>${element_label1}</arg>
<doc>Returns the text value of the element identified by ``locator``.</doc>
<status status="PASS" start="2024-07-08T23:21:48.469426" elapsed="0.015180"/>
</kw>
<kw name="Evaluate" owner="BuiltIn">
<msg time="2024-07-08T23:21:48.485412" level="INFO">${found} = 0</msg>
<var>${found}</var>
<arg>0</arg>
<doc>Evaluates the given expression in Python and returns the result.</doc>
<status status="PASS" start="2024-07-08T23:21:48.484943" elapsed="0.000533"/>
</kw>
<kw name="Evaluate" owner="BuiltIn">
<msg time="2024-07-08T23:21:48.486314" level="INFO">${notfound} = 0</msg>
<var>${notfound}</var>
<arg>0</arg>
<doc>Evaluates the given expression in Python and returns the result.</doc>
<status status="PASS" start="2024-07-08T23:21:48.485810" elapsed="0.000573"/>
</kw>
<kw name="Run Keyword If" owner="BuiltIn">
<kw name="Log To Console" owner="BuiltIn">
<arg>\n💬 Record ${index}\n Verify ${actual_text} should not contain " ${expected_text} "</arg>
<doc>Logs the given message to the console.</doc>
<status status="PASS" start="2024-07-08T23:21:48.487242" elapsed="0.000540"/>
</kw>
<arg>"${actual_text}" == "done${expected_text}"</arg>
<arg>Log To Console</arg>
<arg>\n💬 Record ${index}\n Verify ${actual_text} should contain " ${expected_text} " \n Passed ✅ In row ${index}</arg>
<arg>ELSE</arg>
<arg>Log To Console</arg>
<arg>\n💬 Record ${index}\n Verify ${actual_text} should not contain " ${expected_text} "</arg>
<doc>Runs the given keyword with the given arguments, if ``condition`` is true.</doc>
<status status="PASS" start="2024-07-08T23:21:48.486673" elapsed="0.001279"/>
</kw>
<var name="${index}">1</var>
<status status="PASS" start="2024-07-08T23:21:48.430171" elapsed="0.057948"/>
</iter>
<iter>
<kw name="Get WebElement" owner="SeleniumLibrary">
<msg time="2024-07-08T23:21:48.502292" level="INFO">${element_label1} = &lt;selenium.webdriver.remote.webelement.WebElement (session="5332ef59e6f680e1ab3bc645d65f5e9c", element="f.1569CE867FF5B99085B607DB1F08E4CF.d.4DB18E01B2DD043397E59AA2B39E54FC.e.24")&gt;</msg>
<var>${element_label1}</var>
<arg>css=.mdl-list:nth-child(${index}) &gt; .mdl-list__item-primary-content</arg>
<doc>Returns the first WebElement matching the given ``locator``.</doc>
<status status="PASS" start="2024-07-08T23:21:48.488979" elapsed="0.013406"/>
</kw>
<kw name="Get Text" owner="SeleniumLibrary">
<msg time="2024-07-08T23:21:48.516474" level="INFO">${actual_text} = done02</msg>
<var>${actual_text}</var>
<arg>${element_label1}</arg>
<doc>Returns the text value of the element identified by ``locator``.</doc>
<status status="PASS" start="2024-07-08T23:21:48.502715" elapsed="0.013816"/>
</kw>
<kw name="Evaluate" owner="BuiltIn">
<msg time="2024-07-08T23:21:48.517059" level="INFO">${found} = 0</msg>
<var>${found}</var>
<arg>0</arg>
<doc>Evaluates the given expression in Python and returns the result.</doc>
<status status="PASS" start="2024-07-08T23:21:48.516767" elapsed="0.000335"/>
</kw>
<kw name="Evaluate" owner="BuiltIn">
<msg time="2024-07-08T23:21:48.517541" level="INFO">${notfound} = 0</msg>
<var>${notfound}</var>
<arg>0</arg>
<doc>Evaluates the given expression in Python and returns the result.</doc>
<status status="PASS" start="2024-07-08T23:21:48.517281" elapsed="0.000317"/>
</kw>
<kw name="Run Keyword If" owner="BuiltIn">
<kw name="Log To Console" owner="BuiltIn">
<arg>\n💬 Record ${index}\n Verify ${actual_text} should contain " ${expected_text} " \n Passed ✅ In row ${index}</arg>
<doc>Logs the given message to the console.</doc>
<status status="PASS" start="2024-07-08T23:21:48.519196" elapsed="0.001315"/>
</kw>
<arg>"${actual_text}" == "done${expected_text}"</arg>
<arg>Log To Console</arg>
<arg>\n💬 Record ${index}\n Verify ${actual_text} should contain " ${expected_text} " \n Passed ✅ In row ${index}</arg>
<arg>ELSE</arg>
<arg>Log To Console</arg>
<arg>\n💬 Record ${index}\n Verify ${actual_text} should not contain " ${expected_text} "</arg>
<doc>Runs the given keyword with the given arguments, if ``condition`` is true.</doc>
<status status="PASS" start="2024-07-08T23:21:48.517860" elapsed="0.003023"/>
</kw>
<var name="${index}">2</var>
<status status="PASS" start="2024-07-08T23:21:48.488486" elapsed="0.032541"/>
</iter>
<iter>
<kw name="Get WebElement" owner="SeleniumLibrary">
<msg time="2024-07-08T23:21:48.536642" level="INFO">${element_label1} = &lt;selenium.webdriver.remote.webelement.WebElement (session="5332ef59e6f680e1ab3bc645d65f5e9c", element="f.1569CE867FF5B99085B607DB1F08E4CF.d.4DB18E01B2DD043397E59AA2B39E54FC.e.25")&gt;</msg>
<var>${element_label1}</var>
<arg>css=.mdl-list:nth-child(${index}) &gt; .mdl-list__item-primary-content</arg>
<doc>Returns the first WebElement matching the given ``locator``.</doc>
<status status="PASS" start="2024-07-08T23:21:48.521738" elapsed="0.015084"/>
</kw>
<kw name="Get Text" owner="SeleniumLibrary">
<msg time="2024-07-08T23:21:48.552964" level="INFO">${actual_text} = done03</msg>
<var>${actual_text}</var>
<arg>${element_label1}</arg>
<doc>Returns the text value of the element identified by ``locator``.</doc>
<status status="PASS" start="2024-07-08T23:21:48.537601" elapsed="0.015477"/>
</kw>
<kw name="Evaluate" owner="BuiltIn">
<msg time="2024-07-08T23:21:48.554323" level="INFO">${found} = 0</msg>
<var>${found}</var>
<arg>0</arg>
<doc>Evaluates the given expression in Python and returns the result.</doc>
<status status="PASS" start="2024-07-08T23:21:48.553560" elapsed="0.001739"/>
</kw>
<kw name="Evaluate" owner="BuiltIn">
<msg time="2024-07-08T23:21:48.557398" level="INFO">${notfound} = 0</msg>
<var>${notfound}</var>
<arg>0</arg>
<doc>Evaluates the given expression in Python and returns the result.</doc>
<status status="PASS" start="2024-07-08T23:21:48.555730" elapsed="0.002349"/>
</kw>
<kw name="Run Keyword If" owner="BuiltIn">
<kw name="Log To Console" owner="BuiltIn">
<arg>\n💬 Record ${index}\n Verify ${actual_text} should not contain " ${expected_text} "</arg>
<doc>Logs the given message to the console.</doc>
<status status="PASS" start="2024-07-08T23:21:48.559373" elapsed="0.000467"/>
</kw>
<arg>"${actual_text}" == "done${expected_text}"</arg>
<arg>Log To Console</arg>
<arg>\n💬 Record ${index}\n Verify ${actual_text} should contain " ${expected_text} " \n Passed ✅ In row ${index}</arg>
<arg>ELSE</arg>
<arg>Log To Console</arg>
<arg>\n💬 Record ${index}\n Verify ${actual_text} should not contain " ${expected_text} "</arg>
<doc>Runs the given keyword with the given arguments, if ``condition`` is true.</doc>
<status status="PASS" start="2024-07-08T23:21:48.558686" elapsed="0.001369"/>
</kw>
<var name="${index}">3</var>
<status status="PASS" start="2024-07-08T23:21:48.521340" elapsed="0.038895"/>
</iter>
<var>${index}</var>
<value>1</value>
<value>4</value>
<status status="PASS" start="2024-07-08T23:21:48.429293" elapsed="0.131052"/>
</for>
<arg>02</arg>
<status status="PASS" start="2024-07-08T23:21:48.426617" elapsed="0.133892"/>
</kw>
<kw name="Task Should Be Contains" owner="todo_list_resources">
<kw name="Evaluate" owner="BuiltIn">
<msg time="2024-07-08T23:21:48.561855" level="INFO">${count} = 1</msg>
<var>${count}</var>
<arg>1</arg>
<doc>Evaluates the given expression in Python and returns the result.</doc>
<status status="PASS" start="2024-07-08T23:21:48.561533" elapsed="0.000376"/>
</kw>
<for flavor="IN RANGE">
<iter>
<kw name="Get WebElement" owner="SeleniumLibrary">
<msg time="2024-07-08T23:21:48.581026" level="INFO">${element_label1} = &lt;selenium.webdriver.remote.webelement.WebElement (session="5332ef59e6f680e1ab3bc645d65f5e9c", element="f.1569CE867FF5B99085B607DB1F08E4CF.d.4DB18E01B2DD043397E59AA2B39E54FC.e.23")&gt;</msg>
<var>${element_label1}</var>
<arg>css=.mdl-list:nth-child(${index}) &gt; .mdl-list__item-primary-content</arg>
<doc>Returns the first WebElement matching the given ``locator``.</doc>
<status status="PASS" start="2024-07-08T23:21:48.562520" elapsed="0.018807"/>
</kw>
<kw name="Get Text" owner="SeleniumLibrary">
<msg time="2024-07-08T23:21:48.595604" level="INFO">${actual_text} = done01</msg>
<var>${actual_text}</var>
<arg>${element_label1}</arg>
<doc>Returns the text value of the element identified by ``locator``.</doc>
<status status="PASS" start="2024-07-08T23:21:48.581729" elapsed="0.013956"/>
</kw>
<kw name="Evaluate" owner="BuiltIn">
<msg time="2024-07-08T23:21:48.596421" level="INFO">${found} = 0</msg>
<var>${found}</var>
<arg>0</arg>
<doc>Evaluates the given expression in Python and returns the result.</doc>
<status status="PASS" start="2024-07-08T23:21:48.596000" elapsed="0.000486"/>
</kw>
<kw name="Evaluate" owner="BuiltIn">
<msg time="2024-07-08T23:21:48.597650" level="INFO">${notfound} = 0</msg>
<var>${notfound}</var>
<arg>0</arg>
<doc>Evaluates the given expression in Python and returns the result.</doc>
<status status="PASS" start="2024-07-08T23:21:48.597209" elapsed="0.000511"/>
</kw>
<kw name="Run Keyword If" owner="BuiltIn">
<kw name="Log To Console" owner="BuiltIn">
<arg>\n💬 Record ${index}\n Verify ${actual_text} should not contain " ${expected_text} "</arg>
<doc>Logs the given message to the console.</doc>
<status status="PASS" start="2024-07-08T23:21:48.598589" elapsed="0.000526"/>
</kw>
<arg>"${actual_text}" == "done${expected_text}"</arg>
<arg>Log To Console</arg>
<arg>\n💬 Record ${index}\n Verify ${actual_text} should contain " ${expected_text} " \n Passed ✅ In row ${index}</arg>
<arg>ELSE</arg>
<arg>Log To Console</arg>
<arg>\n💬 Record ${index}\n Verify ${actual_text} should not contain " ${expected_text} "</arg>
<doc>Runs the given keyword with the given arguments, if ``condition`` is true.</doc>
<status status="PASS" start="2024-07-08T23:21:48.598027" elapsed="0.001565"/>
</kw>
<var name="${index}">1</var>
<status status="PASS" start="2024-07-08T23:21:48.562347" elapsed="0.037413"/>
</iter>
<iter>
<kw name="Get WebElement" owner="SeleniumLibrary">
<msg time="2024-07-08T23:21:48.614567" level="INFO">${element_label1} = &lt;selenium.webdriver.remote.webelement.WebElement (session="5332ef59e6f680e1ab3bc645d65f5e9c", element="f.1569CE867FF5B99085B607DB1F08E4CF.d.4DB18E01B2DD043397E59AA2B39E54FC.e.24")&gt;</msg>
<var>${element_label1}</var>
<arg>css=.mdl-list:nth-child(${index}) &gt; .mdl-list__item-primary-content</arg>
<doc>Returns the first WebElement matching the given ``locator``.</doc>
<status status="PASS" start="2024-07-08T23:21:48.600315" elapsed="0.014314"/>
</kw>
<kw name="Get Text" owner="SeleniumLibrary">
<msg time="2024-07-08T23:21:48.629741" level="INFO">${actual_text} = done02</msg>
<var>${actual_text}</var>
<arg>${element_label1}</arg>
<doc>Returns the text value of the element identified by ``locator``.</doc>
<status status="PASS" start="2024-07-08T23:21:48.614862" elapsed="0.015018"/>
</kw>
<kw name="Evaluate" owner="BuiltIn">
<msg time="2024-07-08T23:21:48.630734" level="INFO">${found} = 0</msg>
<var>${found}</var>
<arg>0</arg>
<doc>Evaluates the given expression in Python and returns the result.</doc>
<status status="PASS" start="2024-07-08T23:21:48.630149" elapsed="0.000647"/>
</kw>
<kw name="Evaluate" owner="BuiltIn">
<msg time="2024-07-08T23:21:48.631394" level="INFO">${notfound} = 0</msg>
<var>${notfound}</var>
<arg>0</arg>
<doc>Evaluates the given expression in Python and returns the result.</doc>
<status status="PASS" start="2024-07-08T23:21:48.631070" elapsed="0.000373"/>
</kw>
<kw name="Run Keyword If" owner="BuiltIn">
<kw name="Log To Console" owner="BuiltIn">
<arg>\n💬 Record ${index}\n Verify ${actual_text} should not contain " ${expected_text} "</arg>
<doc>Logs the given message to the console.</doc>
<status status="PASS" start="2024-07-08T23:21:48.632634" elapsed="0.001697"/>
</kw>
<arg>"${actual_text}" == "done${expected_text}"</arg>
<arg>Log To Console</arg>
<arg>\n💬 Record ${index}\n Verify ${actual_text} should contain " ${expected_text} " \n Passed ✅ In row ${index}</arg>
<arg>ELSE</arg>
<arg>Log To Console</arg>
<arg>\n💬 Record ${index}\n Verify ${actual_text} should not contain " ${expected_text} "</arg>
<doc>Runs the given keyword with the given arguments, if ``condition`` is true.</doc>
<status status="PASS" start="2024-07-08T23:21:48.631655" elapsed="0.003075"/>
</kw>
<var name="${index}">2</var>
<status status="PASS" start="2024-07-08T23:21:48.600087" elapsed="0.034833"/>
</iter>
<iter>
<kw name="Get WebElement" owner="SeleniumLibrary">
<msg time="2024-07-08T23:21:48.652416" level="INFO">${element_label1} = &lt;selenium.webdriver.remote.webelement.WebElement (session="5332ef59e6f680e1ab3bc645d65f5e9c", element="f.1569CE867FF5B99085B607DB1F08E4CF.d.4DB18E01B2DD043397E59AA2B39E54FC.e.25")&gt;</msg>
<var>${element_label1}</var>
<arg>css=.mdl-list:nth-child(${index}) &gt; .mdl-list__item-primary-content</arg>
<doc>Returns the first WebElement matching the given ``locator``.</doc>
<status status="PASS" start="2024-07-08T23:21:48.636172" elapsed="0.016359"/>
</kw>
<kw name="Get Text" owner="SeleniumLibrary">
<msg time="2024-07-08T23:21:48.670709" level="INFO">${actual_text} = done03</msg>
<var>${actual_text}</var>
<arg>${element_label1}</arg>
<doc>Returns the text value of the element identified by ``locator``.</doc>
<status status="PASS" start="2024-07-08T23:21:48.653106" elapsed="0.017667"/>
</kw>
<kw name="Evaluate" owner="BuiltIn">
<msg time="2024-07-08T23:21:48.671539" level="INFO">${found} = 0</msg>
<var>${found}</var>
<arg>0</arg>
<doc>Evaluates the given expression in Python and returns the result.</doc>
<status status="PASS" start="2024-07-08T23:21:48.671108" elapsed="0.000484"/>
</kw>
<kw name="Evaluate" owner="BuiltIn">
<msg time="2024-07-08T23:21:48.672499" level="INFO">${notfound} = 0</msg>
<var>${notfound}</var>
<arg>0</arg>
<doc>Evaluates the given expression in Python and returns the result.</doc>
<status status="PASS" start="2024-07-08T23:21:48.672060" elapsed="0.000498"/>
</kw>
<kw name="Run Keyword If" owner="BuiltIn">
<kw name="Log To Console" owner="BuiltIn">
<arg>\n💬 Record ${index}\n Verify ${actual_text} should contain " ${expected_text} " \n Passed ✅ In row ${index}</arg>
<doc>Logs the given message to the console.</doc>
<status status="PASS" start="2024-07-08T23:21:48.673409" elapsed="0.000463"/>
</kw>
<arg>"${actual_text}" == "done${expected_text}"</arg>
<arg>Log To Console</arg>
<arg>\n💬 Record ${index}\n Verify ${actual_text} should contain " ${expected_text} " \n Passed ✅ In row ${index}</arg>
<arg>ELSE</arg>
<arg>Log To Console</arg>
<arg>\n💬 Record ${index}\n Verify ${actual_text} should not contain " ${expected_text} "</arg>
<doc>Runs the given keyword with the given arguments, if ``condition`` is true.</doc>
<status status="PASS" start="2024-07-08T23:21:48.672846" elapsed="0.001974"/>
</kw>
<var name="${index}">3</var>
<status status="PASS" start="2024-07-08T23:21:48.635689" elapsed="0.039902"/>
</iter>
<var>${index}</var>
<value>1</value>
<value>4</value>
<status status="PASS" start="2024-07-08T23:21:48.562038" elapsed="0.113839"/>
</for>
<arg>03</arg>
<status status="PASS" start="2024-07-08T23:21:48.561052" elapsed="0.115132"/>
</kw>
<doc>งานเสร็จสมบูรณ์แล้ว 🔔</doc>
<status status="PASS" start="2024-07-08T23:21:48.216920" elapsed="0.459835"/>
</test>
<test id="s1-t6" name="End process" line="35">
<kw name="Close All Browsers" owner="SeleniumLibrary">
<doc>Closes all open browsers and resets the browser cache.</doc>
<status status="PASS" start="2024-07-08T23:21:48.678814" elapsed="0.212241"/>
</kw>
<doc>⭐️ Test Completed ⭐️</doc>
<status status="PASS" start="2024-07-08T23:21:48.677645" elapsed="0.213871"/>
</test>
<kw name="Close All Browsers" owner="SeleniumLibrary" type="TEARDOWN">
<doc>Closes all open browsers and resets the browser cache.</doc>
<status status="PASS" start="2024-07-08T23:21:48.897360" elapsed="0.001323"/>
</kw>
<status status="PASS" start="2024-07-08T23:21:43.501965" elapsed="5.396899"/>
</suite>
<statistics>
<total>
<stat pass="6" fail="0" skip="0">All Tests</stat>
</total>
<tag>
</tag>
<suite>
<stat pass="6" fail="0" skip="0" id="s1" name="Todo List Testcase 1">Todo List Testcase 1</stat>
</suite>
</statistics>
<errors>
</errors>
</robot>
